0 silly argv {
0 silly argv   _: [ 'version' ],
0 silly argv   lernaVersion: '5.1.6',
0 silly argv   '$0': '..\\..\\..\\AppData\\Local\\Yarn\\Data\\global\\node_modules\\lerna\\cli.js'
0 silly argv }
1 notice cli v5.1.6
2 verbose rootPath C:\Users\94768\Desktop\portfolio-projects\ecommerce
3 info current version 0.0.0
4 silly isAnythingCommitted
5 verbose isAnythingCommitted 1
6 silly getCurrentBranch
7 verbose currentBranch main
8 silly remoteBranchExists
9 silly isBehindUpstream
10 silly isBehindUpstream main is behind origin/main by 0 commit(s) and ahead by 2
11 silly hasTags
12 verbose hasTags false
13 info Assuming all packages changed
14 verbose updated @ecommerce/backend
15 verbose updated @ecommerce/frontend
16 verbose git-describe undefined => "62b94a9"
17 silly git-describe parsed => {"refCount":"56","sha":"62b94a9","isDirty":false}
18 info execute Skipping releases
19 silly lifecycle No script for "preversion" in "ecommerce", continuing
20 silly lifecycle No script for "preversion" in "@ecommerce/backend", continuing
21 silly lifecycle No script for "preversion" in "@ecommerce/frontend", continuing
22 silly lifecycle No script for "version" in "@ecommerce/backend", continuing
23 silly lifecycle No script for "version" in "@ecommerce/frontend", continuing
24 silly lifecycle "version" starting in "ecommerce"
25 info lifecycle ecommerce@independent~version: ecommerce@independent
26 silly lifecycle "version" finished in "ecommerce"
27 silly gitAdd [
27 silly gitAdd   'packages/ecommerce-backend/package.json',
27 silly gitAdd   'packages/ecommerce-frontend/package.json',
27 silly gitAdd   'lerna.json'
27 silly gitAdd ]
28 silly gitCommit v0.0.1
29 verbose git [ 'commit', '-m', 'v0.0.1' ]
30 error Error: Command failed with exit code 1: git commit -m v0.0.1
30 error info cli using local version of lerna
30 error lerna notice cli v5.1.6
30 error lerna notice filter changed since "HEAD"
30 error lerna notice filter excluding dependents
30 error lerna info Looking for changed packages since HEAD
30 error lerna success run No packages found with the lifecycle script 'precommit'
30 error Aborting commit. Your commit message is invalid.
30 error     at makeError (C:\Users\94768\Desktop\portfolio-projects\ecommerce\node_modules\execa\lib\error.js:60:11)
30 error     at handlePromise (C:\Users\94768\Desktop\portfolio-projects\ecommerce\node_modules\execa\index.js:118:26)
30 error     at processTicksAndRejections (node:internal/process/task_queues:96:5)
30 error     at async Promise.all (index 0)
